
-------------------------------------------------------------------------------
   ROBOCOPY     ::     Copia di file efficace per Windows                              
-------------------------------------------------------------------------------

  Avviato: mercoledŤ 4 marzo 2026 15:34:40
      Origine : Y:\users\u_stage_00029468\Documents\
 Destinazione : Z:\Danea\

         File: *.*
	    
Directory exc: Y:\users\u_stage_00029468\Desktop
	    Y:\users\u_stage_00029468\Downloads
	    Y:\users\u_stage_00029468\Danea Easyfatt
	    
      Opzioni: *.* /S /E /DCOPY:DA /COPY:DATS /PURGE /MIR /NP /XJ /MT:32 /R:1 /W:1 

-------------------------------------------------------------------------------

	    Nuovo file		   7.4 m	Y:\users\u_stage_00029468\Documents\Danea Easyfatt\Arredufficio (esempio 1).eft
	    Nuovo file		   6.2 m	Y:\users\u_stage_00029468\Documents\Danea Easyfatt\Studio Rossi (esempio 2).eft
	    Nuovo file		   7.0 m	Y:\users\u_stage_00029468\Documents\Danea Easyfatt\Test EFCloud 04.eft
	    Nuovo file		  324352	Y:\users\u_stage_00029468\Documents\Danea Easyfatt (Copie di sicurezza)\Arredufficio (esempio 1)\Arredufficio (esempio 1) 20260303 (3-3-26 16.28) Auto.bef

-------------------------------------------------------------------------------

              Totale   Copiato  IgnorateNon corrispondentiNon riuscitaSupplementari
Directory:         4         4         1         0         0         0
     File:         4         4         0         0         0         0
     Byte:   20.98 m   20.98 m         0         0         0         0
   Durata:   0:00:00   0:00:00                       0:00:00   0:00:00


 Velocit…:           120.220.677 Byte/sec.
 Velocit…:              6879,083 MB/min.
   Terminato: mercoledŤ 4 marzo 2026 15:34:40

