
-------------------------------------------------------------------------------
   ROBOCOPY     ::     Copia di file efficace per Windows                              
-------------------------------------------------------------------------------

  Avviato: venerdŤ 6 marzo 2026 13:17:54
      Origine : Y:\users\u_stage_00138267\Documents\
 Destinazione : Z:\Danea\

         File: *.*
	    
Directory exc: Y:\users\u_stage_00138267\Desktop
	    Y:\users\u_stage_00138267\Downloads
	    Y:\users\u_stage_00138267\Danea Easyfatt
	    
      Opzioni: *.* /S /E /DCOPY:DA /COPY:DATS /PURGE /MIR /NP /XJ /MT:32 /R:1 /W:1 

-------------------------------------------------------------------------------

	   Pi— recente		   7.4 m	Y:\users\u_stage_00138267\Documents\Danea Easyfatt\Arredufficio (esempio 1).eft
	    Modificato		   6.2 m	Y:\users\u_stage_00138267\Documents\Danea Easyfatt\Studio Rossi (esempio 2).eft
	    Nuovo file		   7.0 m	Y:\users\u_stage_00138267\Documents\Danea Easyfatt\test mary.eft
	    Nuovo file		  324351	Y:\users\u_stage_00138267\Documents\Danea Easyfatt (Copie di sicurezza)\Arredufficio (esempio 1)\Arredufficio (esempio 1) 20260306 (6-3-26 11.45) Auto.bef

-------------------------------------------------------------------------------

              Totale   Copiato  IgnorateNon corrispondentiNon riuscitaSupplementari
Directory:         4         4         3         0         0         0
     File:         4         4         0         0         0         0
     Byte:   20.98 m   20.98 m         0         0         0         0
   Durata:   0:00:00   0:00:00                       0:00:00   0:00:00


 Velocit…:           144.739.361 Byte/sec.
 Velocit…:              8282,053 MB/min.
   Terminato: venerdŤ 6 marzo 2026 13:17:55

