
-------------------------------------------------------------------------------
   ROBOCOPY     ::     Copia di file efficace per Windows                              
-------------------------------------------------------------------------------

  Avviato: lunedŤ 9 marzo 2026 12:40:15
      Origine : Y:\users\kirito.soa77_03\Documents\
 Destinazione : Z:\Danea\

         File: *.*
	    
Directory exc: Y:\users\kirito.soa77_03\Desktop
	    Y:\users\kirito.soa77_03\Downloads
	    Y:\users\kirito.soa77_03\Danea Easyfatt
	    
      Opzioni: *.* /S /E /DCOPY:DA /COPY:DATS /PURGE /MIR /NP /XJ /MT:32 /R:1 /W:1 

-------------------------------------------------------------------------------

	*directory supplementare      -1	Z:\Danea\Danea Easyfatt\
	  *File supplementare		   5.8 m	Z:\Danea\Danea Easyfatt\Arredufficio (esempio 1).eft
	  *File supplementare		   6.2 m	Z:\Danea\Danea Easyfatt\Studio Rossi (esempio 2).eft
	*directory supplementare      -1	Z:\Danea\Danea Easyfatt (Copie di sicurezza)\

-------------------------------------------------------------------------------

              Totale   Copiato  IgnorateNon corrispondentiNon riuscitaSupplementari
Directory:         1         1         1         0         0         2
     File:         0         0         0         0         0         2
     Byte:         0         0         0         0         0   12.07 m
   Durata:   0:00:00   0:00:00                       0:00:00   0:00:00
   Terminato: lunedŤ 9 marzo 2026 12:40:15

